<?xml version="1.0" encoding="UTF-8"?>
<testsuite xmlns:xsi="http://www.w3.org/2001/XMLSchema-instance" xsi:noNamespaceSchemaLocation="https://maven.apache.org/surefire/maven-surefire-plugin/xsd/surefire-test-report.xsd" name="com.hcc.AppTest" time="0.184" tests="1" errors="0" skipped="0" failures="0">
  <properties>
    <property name="sun.desktop" value="windows"/>
    <property name="awt.toolkit" value="sun.awt.windows.WToolkit"/>
    <property name="file.encoding.pkg" value="sun.io"/>
    <property name="java.specification.version" value="1.8"/>
    <property name="sun.cpu.isalist" value="amd64"/>
    <property name="sun.jnu.encoding" value="GBK"/>
    <property name="java.class.path" value="C:\Users\Administrator\Desktop\yunEban\yebback\AutoGenerator\target\test-classes;C:\Users\Administrator\Desktop\yunEban\yebback\AutoGenerator\target\classes;C:\Users\Administrator\Desktop\yunEban\yebback\yeb-server\target\yeb-server-0.0.1-SNAPSHOT.jar;F:\javaspring\Runtime\maven-repo\org\springframework\boot\spring-boot-starter-amqp\2.3.0.RELEASE\spring-boot-starter-amqp-2.3.0.RELEASE.jar;F:\javaspring\Runtime\maven-repo\org\springframework\spring-messaging\5.2.6.RELEASE\spring-messaging-5.2.6.RELEASE.jar;F:\javaspring\Runtime\maven-repo\org\springframework\amqp\spring-rabbit\2.2.6.RELEASE\spring-rabbit-2.2.6.RELEASE.jar;F:\javaspring\Runtime\maven-repo\com\rabbitmq\amqp-client\5.9.0\amqp-client-5.9.0.jar;F:\javaspring\Runtime\maven-repo\org\springframework\amqp\spring-amqp\2.2.6.RELEASE\spring-amqp-2.2.6.RELEASE.jar;F:\javaspring\Runtime\maven-repo\org\springframework\retry\spring-retry\1.2.5.RELEASE\spring-retry-1.2.5.RELEASE.jar;F:\javaspring\Runtime\maven-repo\org\springframework\spring-tx\5.2.6.RELEASE\spring-tx-5.2.6.RELEASE.jar;F:\javaspring\Runtime\maven-repo\io\springfox\springfox-swagger2\2.7.0\springfox-swagger2-2.7.0.jar;F:\javaspring\Runtime\maven-repo\io\swagger\swagger-annotations\1.5.13\swagger-annotations-1.5.13.jar;F:\javaspring\Runtime\maven-repo\io\swagger\swagger-models\1.5.13\swagger-models-1.5.13.jar;F:\javaspring\Runtime\maven-repo\com\fasterxml\jackson\core\jackson-annotations\2.11.0\jackson-annotations-2.11.0.jar;F:\javaspring\Runtime\maven-repo\io\springfox\springfox-spi\2.7.0\springfox-spi-2.7.0.jar;F:\javaspring\Runtime\maven-repo\io\springfox\springfox-core\2.7.0\springfox-core-2.7.0.jar;F:\javaspring\Runtime\maven-repo\net\bytebuddy\byte-buddy\1.10.10\byte-buddy-1.10.10.jar;F:\javaspring\Runtime\maven-repo\io\springfox\springfox-schema\2.7.0\springfox-schema-2.7.0.jar;F:\javaspring\Runtime\maven-repo\io\springfox\springfox-swagger-common\2.7.0\springfox-swagger-common-2.7.0.jar;F:\javaspring\Runtime\maven-repo\io\springfox\springfox-spring-web\2.7.0\springfox-spring-web-2.7.0.jar;F:\javaspring\Runtime\maven-repo\org\reflections\reflections\0.9.11\reflections-0.9.11.jar;F:\javaspring\Runtime\maven-repo\com\google\guava\guava\18.0\guava-18.0.jar;F:\javaspring\Runtime\maven-repo\com\fasterxml\classmate\1.5.1\classmate-1.5.1.jar;F:\javaspring\Runtime\maven-repo\org\slf4j\slf4j-api\1.7.30\slf4j-api-1.7.30.jar;F:\javaspring\Runtime\maven-repo\org\springframework\plugin\spring-plugin-core\1.2.0.RELEASE\spring-plugin-core-1.2.0.RELEASE.jar;F:\javaspring\Runtime\maven-repo\org\springframework\plugin\spring-plugin-metadata\1.2.0.RELEASE\spring-plugin-metadata-1.2.0.RELEASE.jar;F:\javaspring\Runtime\maven-repo\org\mapstruct\mapstruct\1.1.0.Final\mapstruct-1.1.0.Final.jar;F:\javaspring\Runtime\maven-repo\com\github\xiaoymin\swagger-bootstrap-ui\1.9.6\swagger-bootstrap-ui-1.9.6.jar;F:\javaspring\Runtime\maven-repo\org\javassist\javassist\3.25.0-GA\javassist-3.25.0-GA.jar;F:\javaspring\Runtime\maven-repo\org\springframework\boot\spring-boot-starter-security\2.3.0.RELEASE\spring-boot-starter-security-2.3.0.RELEASE.jar;F:\javaspring\Runtime\maven-repo\org\springframework\spring-aop\5.2.6.RELEASE\spring-aop-5.2.6.RELEASE.jar;F:\javaspring\Runtime\maven-repo\org\springframework\security\spring-security-config\5.3.2.RELEASE\spring-security-config-5.3.2.RELEASE.jar;F:\javaspring\Runtime\maven-repo\org\springframework\security\spring-security-core\5.3.2.RELEASE\spring-security-core-5.3.2.RELEASE.jar;F:\javaspring\Runtime\maven-repo\org\springframework\security\spring-security-web\5.3.2.RELEASE\spring-security-web-5.3.2.RELEASE.jar;F:\javaspring\Runtime\maven-repo\io\jsonwebtoken\jjwt\0.9.1\jjwt-0.9.1.jar;F:\javaspring\Runtime\maven-repo\com\fasterxml\jackson\core\jackson-databind\2.11.0\jackson-databind-2.11.0.jar;F:\javaspring\Runtime\maven-repo\com\fasterxml\jackson\core\jackson-core\2.11.0\jackson-core-2.11.0.jar;F:\javaspring\Runtime\maven-repo\com\github\axet\kaptcha\0.0.9\kaptcha-0.0.9.jar;F:\javaspring\Runtime\maven-repo\com\jhlabs\filters\2.0.235\filters-2.0.235.jar;F:\javaspring\Runtime\maven-repo\org\springframework\boot\spring-boot-starter-data-redis\2.3.0.RELEASE\spring-boot-starter-data-redis-2.3.0.RELEASE.jar;F:\javaspring\Runtime\maven-repo\org\springframework\data\spring-data-redis\2.3.0.RELEASE\spring-data-redis-2.3.0.RELEASE.jar;F:\javaspring\Runtime\maven-repo\org\springframework\data\spring-data-keyvalue\2.3.0.RELEASE\spring-data-keyvalue-2.3.0.RELEASE.jar;F:\javaspring\Runtime\maven-repo\org\springframework\data\spring-data-commons\2.3.0.RELEASE\spring-data-commons-2.3.0.RELEASE.jar;F:\javaspring\Runtime\maven-repo\org\springframework\spring-oxm\5.2.6.RELEASE\spring-oxm-5.2.6.RELEASE.jar;F:\javaspring\Runtime\maven-repo\org\springframework\spring-context-support\5.2.6.RELEASE\spring-context-support-5.2.6.RELEASE.jar;F:\javaspring\Runtime\maven-repo\io\lettuce\lettuce-core\5.3.0.RELEASE\lettuce-core-5.3.0.RELEASE.jar;F:\javaspring\Runtime\maven-repo\io\netty\netty-common\4.1.49.Final\netty-common-4.1.49.Final.jar;F:\javaspring\Runtime\maven-repo\io\netty\netty-handler\4.1.49.Final\netty-handler-4.1.49.Final.jar;F:\javaspring\Runtime\maven-repo\io\netty\netty-resolver\4.1.49.Final\netty-resolver-4.1.49.Final.jar;F:\javaspring\Runtime\maven-repo\io\netty\netty-buffer\4.1.49.Final\netty-buffer-4.1.49.Final.jar;F:\javaspring\Runtime\maven-repo\io\netty\netty-codec\4.1.49.Final\netty-codec-4.1.49.Final.jar;F:\javaspring\Runtime\maven-repo\io\netty\netty-transport\4.1.49.Final\netty-transport-4.1.49.Final.jar;F:\javaspring\Runtime\maven-repo\io\projectreactor\reactor-core\3.3.5.RELEASE\reactor-core-3.3.5.RELEASE.jar;F:\javaspring\Runtime\maven-repo\org\reactivestreams\reactive-streams\1.0.3\reactive-streams-1.0.3.jar;F:\javaspring\Runtime\maven-repo\org\apache\commons\commons-pool2\2.8.0\commons-pool2-2.8.0.jar;F:\javaspring\Runtime\maven-repo\cn\afterturn\easypoi-spring-boot-starter\4.1.3\easypoi-spring-boot-starter-4.1.3.jar;F:\javaspring\Runtime\maven-repo\cn\afterturn\easypoi-web\4.1.3\easypoi-web-4.1.3.jar;F:\javaspring\Runtime\maven-repo\cn\afterturn\easypoi-base\4.1.3\easypoi-base-4.1.3.jar;F:\javaspring\Runtime\maven-repo\org\apache\poi\poi\4.1.0\poi-4.1.0.jar;F:\javaspring\Runtime\maven-repo\commons-codec\commons-codec\1.14\commons-codec-1.14.jar;F:\javaspring\Runtime\maven-repo\org\apache\commons\commons-collections4\4.3\commons-collections4-4.3.jar;F:\javaspring\Runtime\maven-repo\org\apache\commons\commons-math3\3.6.1\commons-math3-3.6.1.jar;F:\javaspring\Runtime\maven-repo\org\apache\poi\poi-ooxml\4.1.0\poi-ooxml-4.1.0.jar;F:\javaspring\Runtime\maven-repo\org\apache\commons\commons-compress\1.18\commons-compress-1.18.jar;F:\javaspring\Runtime\maven-repo\com\github\virtuald\curvesapi\1.06\curvesapi-1.06.jar;F:\javaspring\Runtime\maven-repo\org\apache\poi\poi-ooxml-schemas\4.1.0\poi-ooxml-schemas-4.1.0.jar;F:\javaspring\Runtime\maven-repo\org\apache\xmlbeans\xmlbeans\3.1.0\xmlbeans-3.1.0.jar;F:\javaspring\Runtime\maven-repo\org\apache\commons\commons-lang3\3.10\commons-lang3-3.10.jar;F:\javaspring\Runtime\maven-repo\ognl\ognl\3.2.6\ognl-3.2.6.jar;F:\javaspring\Runtime\maven-repo\javax\validation\validation-api\2.0.1.Final\validation-api-2.0.1.Final.jar;F:\javaspring\Runtime\maven-repo\cn\afterturn\easypoi-annotation\4.1.3\easypoi-annotation-4.1.3.jar;F:\javaspring\Runtime\maven-repo\org\springframework\boot\spring-boot-starter-websocket\2.3.0.RELEASE\spring-boot-starter-websocket-2.3.0.RELEASE.jar;F:\javaspring\Runtime\maven-repo\org\springframework\spring-websocket\5.2.6.RELEASE\spring-websocket-5.2.6.RELEASE.jar;F:\javaspring\Runtime\maven-repo\org\csource\fastdfs-client-java\1.29-SNAPSHOT\fastdfs-client-java-1.29-SNAPSHOT.jar;F:\javaspring\Runtime\maven-repo\junit\junit\4.11\junit-4.11.jar;F:\javaspring\Runtime\maven-repo\org\hamcrest\hamcrest-core\2.2\hamcrest-core-2.2.jar;F:\javaspring\Runtime\maven-repo\org\hamcrest\hamcrest\2.2\hamcrest-2.2.jar;F:\javaspring\Runtime\maven-repo\org\springframework\boot\spring-boot-starter-web\2.3.0.RELEASE\spring-boot-starter-web-2.3.0.RELEASE.jar;F:\javaspring\Runtime\maven-repo\org\springframework\boot\spring-boot-starter\2.3.0.RELEASE\spring-boot-starter-2.3.0.RELEASE.jar;F:\javaspring\Runtime\maven-repo\org\springframework\boot\spring-boot\2.3.0.RELEASE\spring-boot-2.3.0.RELEASE.jar;F:\javaspring\Runtime\maven-repo\org\springframework\boot\spring-boot-starter-logging\2.3.0.RELEASE\spring-boot-starter-logging-2.3.0.RELEASE.jar;F:\javaspring\Runtime\maven-repo\ch\qos\logback\logback-classic\1.2.3\logback-classic-1.2.3.jar;F:\javaspring\Runtime\maven-repo\ch\qos\logback\logback-core\1.2.3\logback-core-1.2.3.jar;F:\javaspring\Runtime\maven-repo\org\apache\logging\log4j\log4j-to-slf4j\2.13.2\log4j-to-slf4j-2.13.2.jar;F:\javaspring\Runtime\maven-repo\org\apache\logging\log4j\log4j-api\2.13.2\log4j-api-2.13.2.jar;F:\javaspring\Runtime\maven-repo\org\slf4j\jul-to-slf4j\1.7.30\jul-to-slf4j-1.7.30.jar;F:\javaspring\Runtime\maven-repo\jakarta\annotation\jakarta.annotation-api\1.3.5\jakarta.annotation-api-1.3.5.jar;F:\javaspring\Runtime\maven-repo\org\springframework\spring-core\5.2.6.RELEASE\spring-core-5.2.6.RELEASE.jar;F:\javaspring\Runtime\maven-repo\org\springframework\spring-jcl\5.2.6.RELEASE\spring-jcl-5.2.6.RELEASE.jar;F:\javaspring\Runtime\maven-repo\org\yaml\snakeyaml\1.26\snakeyaml-1.26.jar;F:\javaspring\Runtime\maven-repo\org\springframework\boot\spring-boot-starter-json\2.3.0.RELEASE\spring-boot-starter-json-2.3.0.RELEASE.jar;F:\javaspring\Runtime\maven-repo\com\fasterxml\jackson\datatype\jackson-datatype-jdk8\2.11.0\jackson-datatype-jdk8-2.11.0.jar;F:\javaspring\Runtime\maven-repo\com\fasterxml\jackson\datatype\jackson-datatype-jsr310\2.11.0\jackson-datatype-jsr310-2.11.0.jar;F:\javaspring\Runtime\maven-repo\com\fasterxml\jackson\module\jackson-module-parameter-names\2.11.0\jackson-module-parameter-names-2.11.0.jar;F:\javaspring\Runtime\maven-repo\org\springframework\boot\spring-boot-starter-tomcat\2.3.0.RELEASE\spring-boot-starter-tomcat-2.3.0.RELEASE.jar;F:\javaspring\Runtime\maven-repo\org\apache\tomcat\embed\tomcat-embed-core\9.0.35\tomcat-embed-core-9.0.35.jar;F:\javaspring\Runtime\maven-repo\org\glassfish\jakarta.el\3.0.3\jakarta.el-3.0.3.jar;F:\javaspring\Runtime\maven-repo\org\apache\tomcat\embed\tomcat-embed-websocket\9.0.35\tomcat-embed-websocket-9.0.35.jar;F:\javaspring\Runtime\maven-repo\org\springframework\spring-web\5.2.6.RELEASE\spring-web-5.2.6.RELEASE.jar;F:\javaspring\Runtime\maven-repo\org\springframework\spring-beans\5.2.6.RELEASE\spring-beans-5.2.6.RELEASE.jar;F:\javaspring\Runtime\maven-repo\org\springframework\spring-webmvc\5.2.6.RELEASE\spring-webmvc-5.2.6.RELEASE.jar;F:\javaspring\Runtime\maven-repo\org\springframework\spring-context\5.2.6.RELEASE\spring-context-5.2.6.RELEASE.jar;F:\javaspring\Runtime\maven-repo\org\springframework\spring-expression\5.2.6.RELEASE\spring-expression-5.2.6.RELEASE.jar;F:\javaspring\Runtime\maven-repo\com\baomidou\mybatis-plus-boot-starter\3.3.1.tmp\mybatis-plus-boot-starter-3.3.1.tmp.jar;F:\javaspring\Runtime\maven-repo\com\baomidou\mybatis-plus\3.3.1.tmp\mybatis-plus-3.3.1.tmp.jar;F:\javaspring\Runtime\maven-repo\org\springframework\boot\spring-boot-autoconfigure\2.3.0.RELEASE\spring-boot-autoconfigure-2.3.0.RELEASE.jar;F:\javaspring\Runtime\maven-repo\org\springframework\boot\spring-boot-starter-jdbc\2.3.0.RELEASE\spring-boot-starter-jdbc-2.3.0.RELEASE.jar;F:\javaspring\Runtime\maven-repo\com\zaxxer\HikariCP\3.4.5\HikariCP-3.4.5.jar;F:\javaspring\Runtime\maven-repo\org\springframework\spring-jdbc\5.2.6.RELEASE\spring-jdbc-5.2.6.RELEASE.jar;F:\javaspring\Runtime\maven-repo\com\baomidou\mybatis-plus-generator\3.3.1.tmp\mybatis-plus-generator-3.3.1.tmp.jar;F:\javaspring\Runtime\maven-repo\com\baomidou\mybatis-plus-extension\3.3.1.tmp\mybatis-plus-extension-3.3.1.tmp.jar;F:\javaspring\Runtime\maven-repo\com\baomidou\mybatis-plus-core\3.3.1.tmp\mybatis-plus-core-3.3.1.tmp.jar;F:\javaspring\Runtime\maven-repo\com\baomidou\mybatis-plus-annotation\3.3.1.tmp\mybatis-plus-annotation-3.3.1.tmp.jar;F:\javaspring\Runtime\maven-repo\com\github\jsqlparser\jsqlparser\3.1\jsqlparser-3.1.jar;F:\javaspring\Runtime\maven-repo\org\mybatis\mybatis\3.5.3\mybatis-3.5.3.jar;F:\javaspring\Runtime\maven-repo\org\mybatis\mybatis-spring\2.0.3\mybatis-spring-2.0.3.jar;F:\javaspring\Runtime\maven-repo\org\freemarker\freemarker\2.3.30\freemarker-2.3.30.jar;F:\javaspring\Runtime\maven-repo\mysql\mysql-connector-java\8.0.20\mysql-connector-java-8.0.20.jar;"/>
    <property name="java.vm.vendor" value="Oracle Corporation"/>
    <property name="sun.arch.data.model" value="64"/>
    <property name="user.variant" value=""/>
    <property name="java.vendor.url" value="http://java.oracle.com/"/>
    <property name="user.timezone" value="Asia/Shanghai"/>
    <property name="java.vm.specification.version" value="1.8"/>
    <property name="os.name" value="Windows 10"/>
    <property name="user.country" value="CN"/>
    <property name="sun.java.launcher" value="SUN_STANDARD"/>
    <property name="sun.boot.library.path" value="F:\javaspring\Runtime\jdk-8u251-windows-x64\jre\bin"/>
    <property name="sun.java.command" value="C:\Users\ADMINI~1\AppData\Local\Temp\surefire5052933604928335943\surefirebooter6468835239039458295.jar C:\Users\Administrator\AppData\Local\Temp\surefire5052933604928335943 2022-05-15T15-36-47_484-jvmRun1 surefire4125174518199527890tmp surefire_04071047311912499288tmp"/>
    <property name="surefire.test.class.path" value="C:\Users\Administrator\Desktop\yunEban\yebback\AutoGenerator\target\test-classes;C:\Users\Administrator\Desktop\yunEban\yebback\AutoGenerator\target\classes;C:\Users\Administrator\Desktop\yunEban\yebback\yeb-server\target\yeb-server-0.0.1-SNAPSHOT.jar;F:\javaspring\Runtime\maven-repo\org\springframework\boot\spring-boot-starter-amqp\2.3.0.RELEASE\spring-boot-starter-amqp-2.3.0.RELEASE.jar;F:\javaspring\Runtime\maven-repo\org\springframework\spring-messaging\5.2.6.RELEASE\spring-messaging-5.2.6.RELEASE.jar;F:\javaspring\Runtime\maven-repo\org\springframework\amqp\spring-rabbit\2.2.6.RELEASE\spring-rabbit-2.2.6.RELEASE.jar;F:\javaspring\Runtime\maven-repo\com\rabbitmq\amqp-client\5.9.0\amqp-client-5.9.0.jar;F:\javaspring\Runtime\maven-repo\org\springframework\amqp\spring-amqp\2.2.6.RELEASE\spring-amqp-2.2.6.RELEASE.jar;F:\javaspring\Runtime\maven-repo\org\springframework\retry\spring-retry\1.2.5.RELEASE\spring-retry-1.2.5.RELEASE.jar;F:\javaspring\Runtime\maven-repo\org\springframework\spring-tx\5.2.6.RELEASE\spring-tx-5.2.6.RELEASE.jar;F:\javaspring\Runtime\maven-repo\io\springfox\springfox-swagger2\2.7.0\springfox-swagger2-2.7.0.jar;F:\javaspring\Runtime\maven-repo\io\swagger\swagger-annotations\1.5.13\swagger-annotations-1.5.13.jar;F:\javaspring\Runtime\maven-repo\io\swagger\swagger-models\1.5.13\swagger-models-1.5.13.jar;F:\javaspring\Runtime\maven-repo\com\fasterxml\jackson\core\jackson-annotations\2.11.0\jackson-annotations-2.11.0.jar;F:\javaspring\Runtime\maven-repo\io\springfox\springfox-spi\2.7.0\springfox-spi-2.7.0.jar;F:\javaspring\Runtime\maven-repo\io\springfox\springfox-core\2.7.0\springfox-core-2.7.0.jar;F:\javaspring\Runtime\maven-repo\net\bytebuddy\byte-buddy\1.10.10\byte-buddy-1.10.10.jar;F:\javaspring\Runtime\maven-repo\io\springfox\springfox-schema\2.7.0\springfox-schema-2.7.0.jar;F:\javaspring\Runtime\maven-repo\io\springfox\springfox-swagger-common\2.7.0\springfox-swagger-common-2.7.0.jar;F:\javaspring\Runtime\maven-repo\io\springfox\springfox-spring-web\2.7.0\springfox-spring-web-2.7.0.jar;F:\javaspring\Runtime\maven-repo\org\reflections\reflections\0.9.11\reflections-0.9.11.jar;F:\javaspring\Runtime\maven-repo\com\google\guava\guava\18.0\guava-18.0.jar;F:\javaspring\Runtime\maven-repo\com\fasterxml\classmate\1.5.1\classmate-1.5.1.jar;F:\javaspring\Runtime\maven-repo\org\slf4j\slf4j-api\1.7.30\slf4j-api-1.7.30.jar;F:\javaspring\Runtime\maven-repo\org\springframework\plugin\spring-plugin-core\1.2.0.RELEASE\spring-plugin-core-1.2.0.RELEASE.jar;F:\javaspring\Runtime\maven-repo\org\springframework\plugin\spring-plugin-metadata\1.2.0.RELEASE\spring-plugin-metadata-1.2.0.RELEASE.jar;F:\javaspring\Runtime\maven-repo\org\mapstruct\mapstruct\1.1.0.Final\mapstruct-1.1.0.Final.jar;F:\javaspring\Runtime\maven-repo\com\github\xiaoymin\swagger-bootstrap-ui\1.9.6\swagger-bootstrap-ui-1.9.6.jar;F:\javaspring\Runtime\maven-repo\org\javassist\javassist\3.25.0-GA\javassist-3.25.0-GA.jar;F:\javaspring\Runtime\maven-repo\org\springframework\boot\spring-boot-starter-security\2.3.0.RELEASE\spring-boot-starter-security-2.3.0.RELEASE.jar;F:\javaspring\Runtime\maven-repo\org\springframework\spring-aop\5.2.6.RELEASE\spring-aop-5.2.6.RELEASE.jar;F:\javaspring\Runtime\maven-repo\org\springframework\security\spring-security-config\5.3.2.RELEASE\spring-security-config-5.3.2.RELEASE.jar;F:\javaspring\Runtime\maven-repo\org\springframework\security\spring-security-core\5.3.2.RELEASE\spring-security-core-5.3.2.RELEASE.jar;F:\javaspring\Runtime\maven-repo\org\springframework\security\spring-security-web\5.3.2.RELEASE\spring-security-web-5.3.2.RELEASE.jar;F:\javaspring\Runtime\maven-repo\io\jsonwebtoken\jjwt\0.9.1\jjwt-0.9.1.jar;F:\javaspring\Runtime\maven-repo\com\fasterxml\jackson\core\jackson-databind\2.11.0\jackson-databind-2.11.0.jar;F:\javaspring\Runtime\maven-repo\com\fasterxml\jackson\core\jackson-core\2.11.0\jackson-core-2.11.0.jar;F:\javaspring\Runtime\maven-repo\com\github\axet\kaptcha\0.0.9\kaptcha-0.0.9.jar;F:\javaspring\Runtime\maven-repo\com\jhlabs\filters\2.0.235\filters-2.0.235.jar;F:\javaspring\Runtime\maven-repo\org\springframework\boot\spring-boot-starter-data-redis\2.3.0.RELEASE\spring-boot-starter-data-redis-2.3.0.RELEASE.jar;F:\javaspring\Runtime\maven-repo\org\springframework\data\spring-data-redis\2.3.0.RELEASE\spring-data-redis-2.3.0.RELEASE.jar;F:\javaspring\Runtime\maven-repo\org\springframework\data\spring-data-keyvalue\2.3.0.RELEASE\spring-data-keyvalue-2.3.0.RELEASE.jar;F:\javaspring\Runtime\maven-repo\org\springframework\data\spring-data-commons\2.3.0.RELEASE\spring-data-commons-2.3.0.RELEASE.jar;F:\javaspring\Runtime\maven-repo\org\springframework\spring-oxm\5.2.6.RELEASE\spring-oxm-5.2.6.RELEASE.jar;F:\javaspring\Runtime\maven-repo\org\springframework\spring-context-support\5.2.6.RELEASE\spring-context-support-5.2.6.RELEASE.jar;F:\javaspring\Runtime\maven-repo\io\lettuce\lettuce-core\5.3.0.RELEASE\lettuce-core-5.3.0.RELEASE.jar;F:\javaspring\Runtime\maven-repo\io\netty\netty-common\4.1.49.Final\netty-common-4.1.49.Final.jar;F:\javaspring\Runtime\maven-repo\io\netty\netty-handler\4.1.49.Final\netty-handler-4.1.49.Final.jar;F:\javaspring\Runtime\maven-repo\io\netty\netty-resolver\4.1.49.Final\netty-resolver-4.1.49.Final.jar;F:\javaspring\Runtime\maven-repo\io\netty\netty-buffer\4.1.49.Final\netty-buffer-4.1.49.Final.jar;F:\javaspring\Runtime\maven-repo\io\netty\netty-codec\4.1.49.Final\netty-codec-4.1.49.Final.jar;F:\javaspring\Runtime\maven-repo\io\netty\netty-transport\4.1.49.Final\netty-transport-4.1.49.Final.jar;F:\javaspring\Runtime\maven-repo\io\projectreactor\reactor-core\3.3.5.RELEASE\reactor-core-3.3.5.RELEASE.jar;F:\javaspring\Runtime\maven-repo\org\reactivestreams\reactive-streams\1.0.3\reactive-streams-1.0.3.jar;F:\javaspring\Runtime\maven-repo\org\apache\commons\commons-pool2\2.8.0\commons-pool2-2.8.0.jar;F:\javaspring\Runtime\maven-repo\cn\afterturn\easypoi-spring-boot-starter\4.1.3\easypoi-spring-boot-starter-4.1.3.jar;F:\javaspring\Runtime\maven-repo\cn\afterturn\easypoi-web\4.1.3\easypoi-web-4.1.3.jar;F:\javaspring\Runtime\maven-repo\cn\afterturn\easypoi-base\4.1.3\easypoi-base-4.1.3.jar;F:\javaspring\Runtime\maven-repo\org\apache\poi\poi\4.1.0\poi-4.1.0.jar;F:\javaspring\Runtime\maven-repo\commons-codec\commons-codec\1.14\commons-codec-1.14.jar;F:\javaspring\Runtime\maven-repo\org\apache\commons\commons-collections4\4.3\commons-collections4-4.3.jar;F:\javaspring\Runtime\maven-repo\org\apache\commons\commons-math3\3.6.1\commons-math3-3.6.1.jar;F:\javaspring\Runtime\maven-repo\org\apache\poi\poi-ooxml\4.1.0\poi-ooxml-4.1.0.jar;F:\javaspring\Runtime\maven-repo\org\apache\commons\commons-compress\1.18\commons-compress-1.18.jar;F:\javaspring\Runtime\maven-repo\com\github\virtuald\curvesapi\1.06\curvesapi-1.06.jar;F:\javaspring\Runtime\maven-repo\org\apache\poi\poi-ooxml-schemas\4.1.0\poi-ooxml-schemas-4.1.0.jar;F:\javaspring\Runtime\maven-repo\org\apache\xmlbeans\xmlbeans\3.1.0\xmlbeans-3.1.0.jar;F:\javaspring\Runtime\maven-repo\org\apache\commons\commons-lang3\3.10\commons-lang3-3.10.jar;F:\javaspring\Runtime\maven-repo\ognl\ognl\3.2.6\ognl-3.2.6.jar;F:\javaspring\Runtime\maven-repo\javax\validation\validation-api\2.0.1.Final\validation-api-2.0.1.Final.jar;F:\javaspring\Runtime\maven-repo\cn\afterturn\easypoi-annotation\4.1.3\easypoi-annotation-4.1.3.jar;F:\javaspring\Runtime\maven-repo\org\springframework\boot\spring-boot-starter-websocket\2.3.0.RELEASE\spring-boot-starter-websocket-2.3.0.RELEASE.jar;F:\javaspring\Runtime\maven-repo\org\springframework\spring-websocket\5.2.6.RELEASE\spring-websocket-5.2.6.RELEASE.jar;F:\javaspring\Runtime\maven-repo\org\csource\fastdfs-client-java\1.29-SNAPSHOT\fastdfs-client-java-1.29-SNAPSHOT.jar;F:\javaspring\Runtime\maven-repo\junit\junit\4.11\junit-4.11.jar;F:\javaspring\Runtime\maven-repo\org\hamcrest\hamcrest-core\2.2\hamcrest-core-2.2.jar;F:\javaspring\Runtime\maven-repo\org\hamcrest\hamcrest\2.2\hamcrest-2.2.jar;F:\javaspring\Runtime\maven-repo\org\springframework\boot\spring-boot-starter-web\2.3.0.RELEASE\spring-boot-starter-web-2.3.0.RELEASE.jar;F:\javaspring\Runtime\maven-repo\org\springframework\boot\spring-boot-starter\2.3.0.RELEASE\spring-boot-starter-2.3.0.RELEASE.jar;F:\javaspring\Runtime\maven-repo\org\springframework\boot\spring-boot\2.3.0.RELEASE\spring-boot-2.3.0.RELEASE.jar;F:\javaspring\Runtime\maven-repo\org\springframework\boot\spring-boot-starter-logging\2.3.0.RELEASE\spring-boot-starter-logging-2.3.0.RELEASE.jar;F:\javaspring\Runtime\maven-repo\ch\qos\logback\logback-classic\1.2.3\logback-classic-1.2.3.jar;F:\javaspring\Runtime\maven-repo\ch\qos\logback\logback-core\1.2.3\logback-core-1.2.3.jar;F:\javaspring\Runtime\maven-repo\org\apache\logging\log4j\log4j-to-slf4j\2.13.2\log4j-to-slf4j-2.13.2.jar;F:\javaspring\Runtime\maven-repo\org\apache\logging\log4j\log4j-api\2.13.2\log4j-api-2.13.2.jar;F:\javaspring\Runtime\maven-repo\org\slf4j\jul-to-slf4j\1.7.30\jul-to-slf4j-1.7.30.jar;F:\javaspring\Runtime\maven-repo\jakarta\annotation\jakarta.annotation-api\1.3.5\jakarta.annotation-api-1.3.5.jar;F:\javaspring\Runtime\maven-repo\org\springframework\spring-core\5.2.6.RELEASE\spring-core-5.2.6.RELEASE.jar;F:\javaspring\Runtime\maven-repo\org\springframework\spring-jcl\5.2.6.RELEASE\spring-jcl-5.2.6.RELEASE.jar;F:\javaspring\Runtime\maven-repo\org\yaml\snakeyaml\1.26\snakeyaml-1.26.jar;F:\javaspring\Runtime\maven-repo\org\springframework\boot\spring-boot-starter-json\2.3.0.RELEASE\spring-boot-starter-json-2.3.0.RELEASE.jar;F:\javaspring\Runtime\maven-repo\com\fasterxml\jackson\datatype\jackson-datatype-jdk8\2.11.0\jackson-datatype-jdk8-2.11.0.jar;F:\javaspring\Runtime\maven-repo\com\fasterxml\jackson\datatype\jackson-datatype-jsr310\2.11.0\jackson-datatype-jsr310-2.11.0.jar;F:\javaspring\Runtime\maven-repo\com\fasterxml\jackson\module\jackson-module-parameter-names\2.11.0\jackson-module-parameter-names-2.11.0.jar;F:\javaspring\Runtime\maven-repo\org\springframework\boot\spring-boot-starter-tomcat\2.3.0.RELEASE\spring-boot-starter-tomcat-2.3.0.RELEASE.jar;F:\javaspring\Runtime\maven-repo\org\apache\tomcat\embed\tomcat-embed-core\9.0.35\tomcat-embed-core-9.0.35.jar;F:\javaspring\Runtime\maven-repo\org\glassfish\jakarta.el\3.0.3\jakarta.el-3.0.3.jar;F:\javaspring\Runtime\maven-repo\org\apache\tomcat\embed\tomcat-embed-websocket\9.0.35\tomcat-embed-websocket-9.0.35.jar;F:\javaspring\Runtime\maven-repo\org\springframework\spring-web\5.2.6.RELEASE\spring-web-5.2.6.RELEASE.jar;F:\javaspring\Runtime\maven-repo\org\springframework\spring-beans\5.2.6.RELEASE\spring-beans-5.2.6.RELEASE.jar;F:\javaspring\Runtime\maven-repo\org\springframework\spring-webmvc\5.2.6.RELEASE\spring-webmvc-5.2.6.RELEASE.jar;F:\javaspring\Runtime\maven-repo\org\springframework\spring-context\5.2.6.RELEASE\spring-context-5.2.6.RELEASE.jar;F:\javaspring\Runtime\maven-repo\org\springframework\spring-expression\5.2.6.RELEASE\spring-expression-5.2.6.RELEASE.jar;F:\javaspring\Runtime\maven-repo\com\baomidou\mybatis-plus-boot-starter\3.3.1.tmp\mybatis-plus-boot-starter-3.3.1.tmp.jar;F:\javaspring\Runtime\maven-repo\com\baomidou\mybatis-plus\3.3.1.tmp\mybatis-plus-3.3.1.tmp.jar;F:\javaspring\Runtime\maven-repo\org\springframework\boot\spring-boot-autoconfigure\2.3.0.RELEASE\spring-boot-autoconfigure-2.3.0.RELEASE.jar;F:\javaspring\Runtime\maven-repo\org\springframework\boot\spring-boot-starter-jdbc\2.3.0.RELEASE\spring-boot-starter-jdbc-2.3.0.RELEASE.jar;F:\javaspring\Runtime\maven-repo\com\zaxxer\HikariCP\3.4.5\HikariCP-3.4.5.jar;F:\javaspring\Runtime\maven-repo\org\springframework\spring-jdbc\5.2.6.RELEASE\spring-jdbc-5.2.6.RELEASE.jar;F:\javaspring\Runtime\maven-repo\com\baomidou\mybatis-plus-generator\3.3.1.tmp\mybatis-plus-generator-3.3.1.tmp.jar;F:\javaspring\Runtime\maven-repo\com\baomidou\mybatis-plus-extension\3.3.1.tmp\mybatis-plus-extension-3.3.1.tmp.jar;F:\javaspring\Runtime\maven-repo\com\baomidou\mybatis-plus-core\3.3.1.tmp\mybatis-plus-core-3.3.1.tmp.jar;F:\javaspring\Runtime\maven-repo\com\baomidou\mybatis-plus-annotation\3.3.1.tmp\mybatis-plus-annotation-3.3.1.tmp.jar;F:\javaspring\Runtime\maven-repo\com\github\jsqlparser\jsqlparser\3.1\jsqlparser-3.1.jar;F:\javaspring\Runtime\maven-repo\org\mybatis\mybatis\3.5.3\mybatis-3.5.3.jar;F:\javaspring\Runtime\maven-repo\org\mybatis\mybatis-spring\2.0.3\mybatis-spring-2.0.3.jar;F:\javaspring\Runtime\maven-repo\org\freemarker\freemarker\2.3.30\freemarker-2.3.30.jar;F:\javaspring\Runtime\maven-repo\mysql\mysql-connector-java\8.0.20\mysql-connector-java-8.0.20.jar;"/>
    <property name="sun.cpu.endian" value="little"/>
    <property name="user.home" value="C:\Users\Administrator"/>
    <property name="user.language" value="zh"/>
    <property name="java.specification.vendor" value="Oracle Corporation"/>
    <property name="java.home" value="F:\javaspring\Runtime\jdk-8u251-windows-x64\jre"/>
    <property name="basedir" value="C:\Users\Administrator\Desktop\yunEban\yebback\AutoGenerator"/>
    <property name="file.separator" value="\"/>
    <property name="line.separator" value="&#10;"/>
    <property name="java.vm.specification.vendor" value="Oracle Corporation"/>
    <property name="java.specification.name" value="Java Platform API Specification"/>
    <property name="java.awt.graphicsenv" value="sun.awt.Win32GraphicsEnvironment"/>
    <property name="surefire.real.class.path" value="C:\Users\ADMINI~1\AppData\Local\Temp\surefire5052933604928335943\surefirebooter6468835239039458295.jar"/>
    <property name="sun.boot.class.path" value="F:\javaspring\Runtime\jdk-8u251-windows-x64\jre\lib\resources.jar;F:\javaspring\Runtime\jdk-8u251-windows-x64\jre\lib\rt.jar;F:\javaspring\Runtime\jdk-8u251-windows-x64\jre\lib\sunrsasign.jar;F:\javaspring\Runtime\jdk-8u251-windows-x64\jre\lib\jsse.jar;F:\javaspring\Runtime\jdk-8u251-windows-x64\jre\lib\jce.jar;F:\javaspring\Runtime\jdk-8u251-windows-x64\jre\lib\charsets.jar;F:\javaspring\Runtime\jdk-8u251-windows-x64\jre\lib\jfr.jar;F:\javaspring\Runtime\jdk-8u251-windows-x64\jre\classes"/>
    <property name="user.script" value=""/>
    <property name="sun.management.compiler" value="HotSpot 64-Bit Tiered Compilers"/>
    <property name="java.runtime.version" value="1.8.0_251-b08"/>
    <property name="user.name" value="Administrator"/>
    <property name="path.separator" value=";"/>
    <property name="os.version" value="10.0"/>
    <property name="java.endorsed.dirs" value="F:\javaspring\Runtime\jdk-8u251-windows-x64\jre\lib\endorsed"/>
    <property name="java.runtime.name" value="Java(TM) SE Runtime Environment"/>
    <property name="file.encoding" value="GBK"/>
    <property name="java.vm.name" value="Java HotSpot(TM) 64-Bit Server VM"/>
    <property name="localRepository" value="F:\javaspring\Runtime\maven-repo"/>
    <property name="java.vendor.url.bug" value="http://bugreport.sun.com/bugreport/"/>
    <property name="java.io.tmpdir" value="C:\Users\ADMINI~1\AppData\Local\Temp\"/>
    <property name="idea.version" value="2021.1.2"/>
    <property name="java.version" value="1.8.0_251"/>
    <property name="user.dir" value="C:\Users\Administrator\Desktop\yunEban\yebback\AutoGenerator"/>
    <property name="os.arch" value="amd64"/>
    <property name="java.vm.specification.name" value="Java Virtual Machine Specification"/>
    <property name="java.awt.printerjob" value="sun.awt.windows.WPrinterJob"/>
    <property name="sun.os.patch.level" value=""/>
    <property name="java.library.path" value="F:\javaspring\Runtime\jdk-8u251-windows-x64\jre\bin;C:\Windows\Sun\Java\bin;C:\Windows\system32;C:\Windows;C:\Windows\system32;C:\Windows;C:\Windows\System32\Wbem;C:\Windows\System32\WindowsPowerShell\v1.0\;C:\Windows\System32\OpenSSH\;C:\Program Files (x86)\NVIDIA Corporation\PhysX\Common;C:\Program Files\TortoiseGit\bin;C:\Program Files\nodejs\;&quot;F:\javaspring\Runtime\apache-tomcat-8.5.65\lib;F:\javaspring\Runtime\apache-tomcat-8.5.65\bin&quot;;F:\javaspring\Runtime\apache-maven-3.6.0\bin;F:\javaspring\Runtime\jdk-8u251-windows-x64\bin;F:\javaspring\Runtime\jdk-8u251-windows-x64\jre\bin;;F:\javaspring\Microsoft VS Code\bin;C:\Program Files (x86)\Microsoft SQL Server\100\Tools\Binn\;C:\Program Files\Microsoft SQL Server\100\Tools\Binn\;C:\Program Files\Microsoft SQL Server\100\DTS\Binn\;C:\Program Files (x86)\NetSarang\Xshell 7\;C:\Users\Administrator\anaconda3;C:\Users\Administrator\anaconda3\Library\mingw-w64\bin;C:\Users\Administrator\anaconda3\Library\usr\bin;C:\Users\Administrator\anaconda3\Library\bin;C:\Users\Administrator\anaconda3\Scripts;C:\Users\Administrator\AppData\Local\Microsoft\WindowsApps;C:\Users\Administrator\AppData\Roaming\npm;F:\javaspring\IDEA2021\IntelliJ IDEA 2021.1.2\bin;;."/>
    <property name="java.vm.info" value="mixed mode"/>
    <property name="java.vendor" value="Oracle Corporation"/>
    <property name="java.vm.version" value="25.251-b08"/>
    <property name="java.ext.dirs" value="F:\javaspring\Runtime\jdk-8u251-windows-x64\jre\lib\ext;C:\Windows\Sun\Java\lib\ext"/>
    <property name="sun.io.unicode.encoding" value="UnicodeLittle"/>
    <property name="maven.repo.local" value="F:\javaspring\Runtime\maven-repo"/>
    <property name="java.class.version" value="52.0"/>
  </properties>
  <testcase name="shouldAnswerWithTrue" classname="com.hcc.AppTest" time="0.153"/>
</testsuite>